14:41:59 **** Incremental Build of configuration Debug for project Diploma ****
make all 
'Building file: ../system/src/stm32f3-stdperiph/stm32f30x_gpio.c'
'Invoking: Cross ARM C Compiler'
arm-none-eabi-gcc -mcpu=cortex-m4 -mthumb -Og -fmessage-length=0 -fsigned-char -ffunction-sections -fdata-sections -ffreestanding -fno-move-loop-invariants -Wall -Wextra  -g3 -DDEBUG -DUSE_FULL_ASSERT -DTRACE -DOS_USE_TRACE_SEMIHOSTING_DEBUG -DSTM32F30X -DUSE_STDPERIPH_DRIVER -DHSE_VALUE=32000000 -I"../include" -I"../system/include" -I"../system/include/cmsis" -I"../system/include/stm32f3-stdperiph" -I"C:\Users\Schuster André\Desktop\Diplomamunka\SW_régi\Diploma\Drivers\STM32F3xx_HAL_Driver\Inc" -I"C:\Users\Schuster André\Desktop\Diplomamunka\SW_régi\Diploma\Drivers\CMSIS\Device\ST\STM32F3xx\Include" -std=gnu11 -MMD -MP -MF"system/src/stm32f3-stdperiph/stm32f30x_gpio.d" -MT"system/src/stm32f3-stdperiph/stm32f30x_gpio.o" -c -o "system/src/stm32f3-stdperiph/stm32f30x_gpio.o" "../system/src/stm32f3-stdperiph/stm32f30x_gpio.c"
'Finished building: ../system/src/stm32f3-stdperiph/stm32f30x_gpio.c'
' '
'Building file: ../system/src/stm32f3-stdperiph/stm32f30x_rcc.c'
'Invoking: Cross ARM C Compiler'
arm-none-eabi-gcc -mcpu=cortex-m4 -mthumb -Og -fmessage-length=0 -fsigned-char -ffunction-sections -fdata-sections -ffreestanding -fno-move-loop-invariants -Wall -Wextra  -g3 -DDEBUG -DUSE_FULL_ASSERT -DTRACE -DOS_USE_TRACE_SEMIHOSTING_DEBUG -DSTM32F30X -DUSE_STDPERIPH_DRIVER -DHSE_VALUE=32000000 -I"../include" -I"../system/include" -I"../system/include/cmsis" -I"../system/include/stm32f3-stdperiph" -I"C:\Users\Schuster André\Desktop\Diplomamunka\SW_régi\Diploma\Drivers\STM32F3xx_HAL_Driver\Inc" -I"C:\Users\Schuster André\Desktop\Diplomamunka\SW_régi\Diploma\Drivers\CMSIS\Device\ST\STM32F3xx\Include" -std=gnu11 -MMD -MP -MF"system/src/stm32f3-stdperiph/stm32f30x_rcc.d" -MT"system/src/stm32f3-stdperiph/stm32f30x_rcc.o" -c -o "system/src/stm32f3-stdperiph/stm32f30x_rcc.o" "../system/src/stm32f3-stdperiph/stm32f30x_rcc.c"
'Finished building: ../system/src/stm32f3-stdperiph/stm32f30x_rcc.c'
' '
'Building file: ../system/src/newlib/_cxx.cpp'
'Invoking: Cross ARM C++ Compiler'
arm-none-eabi-g++ -mcpu=cortex-m4 -mthumb -Og -fmessage-length=0 -fsigned-char -ffunction-sections -fdata-sections -ffreestanding -fno-move-loop-invariants -Wall -Wextra  -g3 -DDEBUG -DUSE_FULL_ASSERT -DTRACE -DOS_USE_TRACE_SEMIHOSTING_DEBUG -DSTM32F30X -DUSE_STDPERIPH_DRIVER -DHSE_VALUE=32000000 -I"../include" -I"../system/include" -I"../system/include/cmsis" -I"../system/include/stm32f3-stdperiph" -I"C:\Users\Schuster André\Desktop\Diplomamunka\SW_régi\Diploma\Drivers\STM32F3xx_HAL_Driver\Inc" -I"C:\Users\Schuster André\Desktop\Diplomamunka\SW_régi\Diploma\Drivers\CMSIS\Device\ST\STM32F3xx\Include" -std=gnu++11 -fabi-version=0 -fno-exceptions -fno-rtti -fno-use-cxa-atexit -fno-threadsafe-statics -MMD -MP -MF"system/src/newlib/_cxx.d" -MT"system/src/newlib/_cxx.o" -c -o "system/src/newlib/_cxx.o" "../system/src/newlib/_cxx.cpp"
'Finished building: ../system/src/newlib/_cxx.cpp'
' '
'Building file: ../system/src/newlib/_exit.c'
'Invoking: Cross ARM C Compiler'
arm-none-eabi-gcc -mcpu=cortex-m4 -mthumb -Og -fmessage-length=0 -fsigned-char -ffunction-sections -fdata-sections -ffreestanding -fno-move-loop-invariants -Wall -Wextra  -g3 -DDEBUG -DUSE_FULL_ASSERT -DTRACE -DOS_USE_TRACE_SEMIHOSTING_DEBUG -DSTM32F30X -DUSE_STDPERIPH_DRIVER -DHSE_VALUE=32000000 -I"../include" -I"../system/include" -I"../system/include/cmsis" -I"../system/include/stm32f3-stdperiph" -I"C:\Users\Schuster André\Desktop\Diplomamunka\SW_régi\Diploma\Drivers\STM32F3xx_HAL_Driver\Inc" -I"C:\Users\Schuster André\Desktop\Diplomamunka\SW_régi\Diploma\Drivers\CMSIS\Device\ST\STM32F3xx\Include" -std=gnu11 -MMD -MP -MF"system/src/newlib/_exit.d" -MT"system/src/newlib/_exit.o" -c -o "system/src/newlib/_exit.o" "../system/src/newlib/_exit.c"
'Finished building: ../system/src/newlib/_exit.c'
' '
'Building file: ../system/src/newlib/_sbrk.c'
'Invoking: Cross ARM C Compiler'
arm-none-eabi-gcc -mcpu=cortex-m4 -mthumb -Og -fmessage-length=0 -fsigned-char -ffunction-sections -fdata-sections -ffreestanding -fno-move-loop-invariants -Wall -Wextra  -g3 -DDEBUG -DUSE_FULL_ASSERT -DTRACE -DOS_USE_TRACE_SEMIHOSTING_DEBUG -DSTM32F30X -DUSE_STDPERIPH_DRIVER -DHSE_VALUE=32000000 -I"../include" -I"../system/include" -I"../system/include/cmsis" -I"../system/include/stm32f3-stdperiph" -I"C:\Users\Schuster André\Desktop\Diplomamunka\SW_régi\Diploma\Drivers\STM32F3xx_HAL_Driver\Inc" -I"C:\Users\Schuster André\Desktop\Diplomamunka\SW_régi\Diploma\Drivers\CMSIS\Device\ST\STM32F3xx\Include" -std=gnu11 -MMD -MP -MF"system/src/newlib/_sbrk.d" -MT"system/src/newlib/_sbrk.o" -c -o "system/src/newlib/_sbrk.o" "../system/src/newlib/_sbrk.c"
'Finished building: ../system/src/newlib/_sbrk.c'
' '
'Building file: ../system/src/newlib/_startup.c'
'Invoking: Cross ARM C Compiler'
arm-none-eabi-gcc -mcpu=cortex-m4 -mthumb -Og -fmessage-length=0 -fsigned-char -ffunction-sections -fdata-sections -ffreestanding -fno-move-loop-invariants -Wall -Wextra  -g3 -DDEBUG -DUSE_FULL_ASSERT -DTRACE -DOS_USE_TRACE_SEMIHOSTING_DEBUG -DSTM32F30X -DUSE_STDPERIPH_DRIVER -DHSE_VALUE=32000000 -DOS_INCLUDE_STARTUP_INIT_MULTIPLE_RAM_SECTIONS -I"../include" -I"../system/include" -I"../system/include/cmsis" -I"../system/include/stm32f3-stdperiph" -I"C:\Users\Schuster André\Desktop\Diplomamunka\SW_régi\Diploma\Drivers\STM32F3xx_HAL_Driver\Inc" -I"C:\Users\Schuster André\Desktop\Diplomamunka\SW_régi\Diploma\Drivers\CMSIS\Device\ST\STM32F3xx\Include" -std=gnu11 -MMD -MP -MF"system/src/newlib/_startup.d" -MT"system/src/newlib/_startup.d" -c -o "system/src/newlib/_startup.o" "../system/src/newlib/_startup.c"
'Finished building: ../system/src/newlib/_startup.c'
' '
'Building file: ../system/src/newlib/_syscalls.c'
'Invoking: Cross ARM C Compiler'
arm-none-eabi-gcc -mcpu=cortex-m4 -mthumb -Og -fmessage-length=0 -fsigned-char -ffunction-sections -fdata-sections -ffreestanding -fno-move-loop-invariants -Wall -Wextra  -g3 -DDEBUG -DUSE_FULL_ASSERT -DTRACE -DOS_USE_TRACE_SEMIHOSTING_DEBUG -DSTM32F30X -DUSE_STDPERIPH_DRIVER -DHSE_VALUE=32000000 -I"../include" -I"../system/include" -I"../system/include/cmsis" -I"../system/include/stm32f3-stdperiph" -I"C:\Users\Schuster André\Desktop\Diplomamunka\SW_régi\Diploma\Drivers\STM32F3xx_HAL_Driver\Inc" -I"C:\Users\Schuster André\Desktop\Diplomamunka\SW_régi\Diploma\Drivers\CMSIS\Device\ST\STM32F3xx\Include" -std=gnu11 -MMD -MP -MF"system/src/newlib/_syscalls.d" -MT"system/src/newlib/_syscalls.o" -c -o "system/src/newlib/_syscalls.o" "../system/src/newlib/_syscalls.c"
'Finished building: ../system/src/newlib/_syscalls.c'
' '
'Building file: ../system/src/newlib/assert.c'
'Invoking: Cross ARM C Compiler'
arm-none-eabi-gcc -mcpu=cortex-m4 -mthumb -Og -fmessage-length=0 -fsigned-char -ffunction-sections -fdata-sections -ffreestanding -fno-move-loop-invariants -Wall -Wextra  -g3 -DDEBUG -DUSE_FULL_ASSERT -DTRACE -DOS_USE_TRACE_SEMIHOSTING_DEBUG -DSTM32F30X -DUSE_STDPERIPH_DRIVER -DHSE_VALUE=32000000 -I"../include" -I"../system/include" -I"../system/include/cmsis" -I"../system/include/stm32f3-stdperiph" -I"C:\Users\Schuster André\Desktop\Diplomamunka\SW_régi\Diploma\Drivers\STM32F3xx_HAL_Driver\Inc" -I"C:\Users\Schuster André\Desktop\Diplomamunka\SW_régi\Diploma\Drivers\CMSIS\Device\ST\STM32F3xx\Include" -std=gnu11 -MMD -MP -MF"system/src/newlib/assert.d" -MT"system/src/newlib/assert.o" -c -o "system/src/newlib/assert.o" "../system/src/newlib/assert.c"
'Finished building: ../system/src/newlib/assert.c'
' '
'Building file: ../system/src/diag/Trace.c'
'Invoking: Cross ARM C Compiler'
arm-none-eabi-gcc -mcpu=cortex-m4 -mthumb -Og -fmessage-length=0 -fsigned-char -ffunction-sections -fdata-sections -ffreestanding -fno-move-loop-invariants -Wall -Wextra  -g3 -DDEBUG -DUSE_FULL_ASSERT -DTRACE -DOS_USE_TRACE_SEMIHOSTING_DEBUG -DSTM32F30X -DUSE_STDPERIPH_DRIVER -DHSE_VALUE=32000000 -I"../include" -I"../system/include" -I"../system/include/cmsis" -I"../system/include/stm32f3-stdperiph" -I"C:\Users\Schuster André\Desktop\Diplomamunka\SW_régi\Diploma\Drivers\STM32F3xx_HAL_Driver\Inc" -I"C:\Users\Schuster André\Desktop\Diplomamunka\SW_régi\Diploma\Drivers\CMSIS\Device\ST\STM32F3xx\Include" -std=gnu11 -MMD -MP -MF"system/src/diag/Trace.d" -MT"system/src/diag/Trace.o" -c -o "system/src/diag/Trace.o" "../system/src/diag/Trace.c"
'Finished building: ../system/src/diag/Trace.c'
' '
'Building file: ../system/src/diag/trace_impl.c'
'Invoking: Cross ARM C Compiler'
arm-none-eabi-gcc -mcpu=cortex-m4 -mthumb -Og -fmessage-length=0 -fsigned-char -ffunction-sections -fdata-sections -ffreestanding -fno-move-loop-invariants -Wall -Wextra  -g3 -DDEBUG -DUSE_FULL_ASSERT -DTRACE -DOS_USE_TRACE_SEMIHOSTING_DEBUG -DSTM32F30X -DUSE_STDPERIPH_DRIVER -DHSE_VALUE=32000000 -I"../include" -I"../system/include" -I"../system/include/cmsis" -I"../system/include/stm32f3-stdperiph" -I"C:\Users\Schuster André\Desktop\Diplomamunka\SW_régi\Diploma\Drivers\STM32F3xx_HAL_Driver\Inc" -I"C:\Users\Schuster André\Desktop\Diplomamunka\SW_régi\Diploma\Drivers\CMSIS\Device\ST\STM32F3xx\Include" -std=gnu11 -MMD -MP -MF"system/src/diag/trace_impl.d" -MT"system/src/diag/trace_impl.o" -c -o "system/src/diag/trace_impl.o" "../system/src/diag/trace_impl.c"
'Finished building: ../system/src/diag/trace_impl.c'
' '
'Building file: ../system/src/cortexm/_initialize_hardware.c'
'Invoking: Cross ARM C Compiler'
arm-none-eabi-gcc -mcpu=cortex-m4 -mthumb -Og -fmessage-length=0 -fsigned-char -ffunction-sections -fdata-sections -ffreestanding -fno-move-loop-invariants -Wall -Wextra  -g3 -DDEBUG -DUSE_FULL_ASSERT -DTRACE -DOS_USE_TRACE_SEMIHOSTING_DEBUG -DSTM32F30X -DUSE_STDPERIPH_DRIVER -DHSE_VALUE=32000000 -I"../include" -I"../system/include" -I"../system/include/cmsis" -I"../system/include/stm32f3-stdperiph" -I"C:\Users\Schuster André\Desktop\Diplomamunka\SW_régi\Diploma\Drivers\STM32F3xx_HAL_Driver\Inc" -I"C:\Users\Schuster André\Desktop\Diplomamunka\SW_régi\Diploma\Drivers\CMSIS\Device\ST\STM32F3xx\Include" -std=gnu11 -MMD -MP -MF"system/src/cortexm/_initialize_hardware.d" -MT"system/src/cortexm/_initialize_hardware.o" -c -o "system/src/cortexm/_initialize_hardware.o" "../system/src/cortexm/_initialize_hardware.c"
'Finished building: ../system/src/cortexm/_initialize_hardware.c'
' '
'Building file: ../system/src/cortexm/_reset_hardware.c'
'Invoking: Cross ARM C Compiler'
arm-none-eabi-gcc -mcpu=cortex-m4 -mthumb -Og -fmessage-length=0 -fsigned-char -ffunction-sections -fdata-sections -ffreestanding -fno-move-loop-invariants -Wall -Wextra  -g3 -DDEBUG -DUSE_FULL_ASSERT -DTRACE -DOS_USE_TRACE_SEMIHOSTING_DEBUG -DSTM32F30X -DUSE_STDPERIPH_DRIVER -DHSE_VALUE=32000000 -I"../include" -I"../system/include" -I"../system/include/cmsis" -I"../system/include/stm32f3-stdperiph" -I"C:\Users\Schuster André\Desktop\Diplomamunka\SW_régi\Diploma\Drivers\STM32F3xx_HAL_Driver\Inc" -I"C:\Users\Schuster André\Desktop\Diplomamunka\SW_régi\Diploma\Drivers\CMSIS\Device\ST\STM32F3xx\Include" -std=gnu11 -MMD -MP -MF"system/src/cortexm/_reset_hardware.d" -MT"system/src/cortexm/_reset_hardware.o" -c -o "system/src/cortexm/_reset_hardware.o" "../system/src/cortexm/_reset_hardware.c"
'Finished building: ../system/src/cortexm/_reset_hardware.c'
' '
'Building file: ../system/src/cortexm/exception_handlers.c'
'Invoking: Cross ARM C Compiler'
arm-none-eabi-gcc -mcpu=cortex-m4 -mthumb -Og -fmessage-length=0 -fsigned-char -ffunction-sections -fdata-sections -ffreestanding -fno-move-loop-invariants -Wall -Wextra  -g3 -DDEBUG -DUSE_FULL_ASSERT -DTRACE -DOS_USE_TRACE_SEMIHOSTING_DEBUG -DSTM32F30X -DUSE_STDPERIPH_DRIVER -DHSE_VALUE=32000000 -I"../include" -I"../system/include" -I"../system/include/cmsis" -I"../system/include/stm32f3-stdperiph" -I"C:\Users\Schuster André\Desktop\Diplomamunka\SW_régi\Diploma\Drivers\STM32F3xx_HAL_Driver\Inc" -I"C:\Users\Schuster André\Desktop\Diplomamunka\SW_régi\Diploma\Drivers\CMSIS\Device\ST\STM32F3xx\Include" -std=gnu11 -MMD -MP -MF"system/src/cortexm/exception_handlers.d" -MT"system/src/cortexm/exception_handlers.o" -c -o "system/src/cortexm/exception_handlers.o" "../system/src/cortexm/exception_handlers.c"
'Finished building: ../system/src/cortexm/exception_handlers.c'
' '
'Building file: ../system/src/cmsis/system_stm32f30x.c'
'Invoking: Cross ARM C Compiler'
arm-none-eabi-gcc -mcpu=cortex-m4 -mthumb -Og -fmessage-length=0 -fsigned-char -ffunction-sections -fdata-sections -ffreestanding -fno-move-loop-invariants -Wall -Wextra  -g3 -DDEBUG -DUSE_FULL_ASSERT -DTRACE -DOS_USE_TRACE_SEMIHOSTING_DEBUG -DSTM32F30X -DUSE_STDPERIPH_DRIVER -DHSE_VALUE=32000000 -I"../include" -I"../system/include" -I"../system/include/cmsis" -I"../system/include/stm32f3-stdperiph" -I"C:\Users\Schuster André\Desktop\Diplomamunka\SW_régi\Diploma\Drivers\STM32F3xx_HAL_Driver\Inc" -I"C:\Users\Schuster André\Desktop\Diplomamunka\SW_régi\Diploma\Drivers\CMSIS\Device\ST\STM32F3xx\Include" -std=gnu11 -MMD -MP -MF"system/src/cmsis/system_stm32f30x.d" -MT"system/src/cmsis/system_stm32f30x.o" -c -o "system/src/cmsis/system_stm32f30x.o" "../system/src/cmsis/system_stm32f30x.c"
'Finished building: ../system/src/cmsis/system_stm32f30x.c'
' '
'Building file: ../system/src/cmsis/vectors_stm32f30x.c'
'Invoking: Cross ARM C Compiler'
arm-none-eabi-gcc -mcpu=cortex-m4 -mthumb -Og -fmessage-length=0 -fsigned-char -ffunction-sections -fdata-sections -ffreestanding -fno-move-loop-invariants -Wall -Wextra  -g3 -DDEBUG -DUSE_FULL_ASSERT -DTRACE -DOS_USE_TRACE_SEMIHOSTING_DEBUG -DSTM32F30X -DUSE_STDPERIPH_DRIVER -DHSE_VALUE=32000000 -I"../include" -I"../system/include" -I"../system/include/cmsis" -I"../system/include/stm32f3-stdperiph" -I"C:\Users\Schuster André\Desktop\Diplomamunka\SW_régi\Diploma\Drivers\STM32F3xx_HAL_Driver\Inc" -I"C:\Users\Schuster André\Desktop\Diplomamunka\SW_régi\Diploma\Drivers\CMSIS\Device\ST\STM32F3xx\Include" -std=gnu11 -MMD -MP -MF"system/src/cmsis/vectors_stm32f30x.d" -MT"system/src/cmsis/vectors_stm32f30x.o" -c -o "system/src/cmsis/vectors_stm32f30x.o" "../system/src/cmsis/vectors_stm32f30x.c"
'Finished building: ../system/src/cmsis/vectors_stm32f30x.c'
' '
'Building file: ../src/Init.c'
'Invoking: Cross ARM C Compiler'
arm-none-eabi-gcc -mcpu=cortex-m4 -mthumb -Og -fmessage-length=0 -fsigned-char -ffunction-sections -fdata-sections -ffreestanding -fno-move-loop-invariants -Wall -Wextra  -g3 -DDEBUG -DUSE_FULL_ASSERT -DTRACE -DOS_USE_TRACE_SEMIHOSTING_DEBUG -DSTM32F30X -DUSE_STDPERIPH_DRIVER -DHSE_VALUE=32000000 -I"../include" -I"../system/include" -I"../system/include/cmsis" -I"../system/include/stm32f3-stdperiph" -I"C:\Users\Schuster André\Desktop\Diplomamunka\SW_régi\Diploma\Drivers\STM32F3xx_HAL_Driver\Inc" -I"C:\Users\Schuster André\Desktop\Diplomamunka\SW_régi\Diploma\Drivers\CMSIS\Device\ST\STM32F3xx\Include" -std=gnu11 -MMD -MP -MF"src/Init.d" -MT"src/Init.o" -c -o "src/Init.o" "../src/Init.c"
../src/Init.c:2:23: fatal error: stm32f3xx.h: No such file or directory
 #include "stm32f3xx.h"
                       ^
compilation terminated.
make: *** [src/Init.o] Error 1

14:42:09 Build Finished (took 10s.580ms)

