Added Component: Designator=U20(SOP64P600X175-24N)
Added Pin To Net: NetName=T_SOURCE_RIGHT Pin=U20-1
Added Pin To Net: NetName=T_SOURCE_RIGHT Pin=U20-2
Added Pin To Net: NetName=T_SOURCE_RIGHT Pin=U20-3
Added Pin To Net: NetName=T_SOURCE_RIGHT Pin=U20-4
Added Pin To Net: NetName=T_SOURCE_RIGHT Pin=U20-5
Added Pin To Net: NetName=T_SOURCE_RIGHT Pin=U20-6
Added Pin To Net: NetName=NetL3_2 Pin=U20-7
Added Pin To Net: NetName=NetL3_2 Pin=U20-8
Added Pin To Net: NetName=NetL3_2 Pin=U20-9
Added Pin To Net: NetName=NetL3_2 Pin=U20-10
Added Pin To Net: NetName=NetL3_2 Pin=U20-11
Added Pin To Net: NetName=NetL3_2 Pin=U20-12
Added Pin To Net: NetName=GND Pin=U20-15
Added Pin To Net: NetName=NetC12_1 Pin=U20-16
Added Pin To Net: NetName=NetC38_1 Pin=U20-17
Added Pin To Net: NetName=VIOUT Pin=U20-18
Added Pin To Net: NetName=NetC10_1 Pin=U20-19
Added Pin To Net: NetName=3V3 Pin=U20-20
Added Pin To Net: NetName=NetR8_2 Pin=U20-21
Added Member To Class: ClassName=Inverters, drives Member=Component U20 ACS709LLFTR-20BB-T
Added Room: Name=Inverters, drives
Added Room: Name=Measurement
Added Room: Name=microcontroller
