Change Component Comment : Designator=R25 Old Comment=3k3 New Comment=3k30
Change Component Comment : Designator=R54 Old Comment=3k3 New Comment=3k30
Change Component Comment : Designator=R63 Old Comment=3k3 New Comment=3k30
Change Component Comment : Designator=R66 Old Comment=3k3 New Comment=3k30
Change Component Comment : Designator=R33 Old Comment=5k New Comment=5k10
Change Component Comment : Designator=R40 Old Comment=5k New Comment=5k10
Change Component Comment : Designator=R9 Old Comment=7k New Comment=6k80
Change Component Comment : Designator=C29 Old Comment=10nF New Comment=100nF
Change Component Comment : Designator=C40 Old Comment=10nF New Comment=100nF
Change Component Comment : Designator=C10 Old Comment=20nF New Comment=22nF
Change Component Comment : Designator=C20 Old Comment=20nF New Comment=22nF
Change Component Comment : Designator=C21 Old Comment=20nF New Comment=22nF
Change Component Comment : Designator=R4 Old Comment=50 New Comment=20
Change Component Comment : Designator=R5 Old Comment=50 New Comment=20
Change Component Comment : Designator=R18 Old Comment=60k New Comment=62k
Change Component Comment : Designator=R19 Old Comment=60k New Comment=62k
Change Component Comment : Designator=R23 Old Comment=60k New Comment=62k
Change Component Comment : Designator=R24 Old Comment=60k New Comment=62k
Change Component Comment : Designator=R42 Old Comment=70k New Comment=68k
Change Component Comment : Designator=R60 Old Comment=80k New Comment=82k
Change Component Comment : Designator=R20 Old Comment=170 New Comment=160
Change Component Comment : Designator=R38 Old Comment=170 New Comment=160
Change Component Comment : Designator=R34 Old Comment=600k New Comment=620k
Change Component Comment : Designator=R35 Old Comment=600k New Comment=620k
Change Component Comment : Designator=R36 Old Comment=600k New Comment=620k
Change Component Comment : Designator=R37 Old Comment=600k New Comment=620k
Change Component Description : Designator=P2 Old Description= New Description=06-03-80
Change Component Description : Designator=P3 Old Description= New Description=06-03-80
Change Component Description : Designator=C9 Old Description= New Description=07-06-83
Change Component Description : Designator=Y1 Old Description= New Description=40-01-35
Change Component Description : Designator=J5 Old Description= New Description=45-08-76
Change Component Description : Designator=R20 Old Description= New Description=80-01-97
Change Component Description : Designator=R38 Old Description= New Description=80-01-97
Change Component Description : Designator=R18 Old Description= New Description=80-05-14
Change Component Description : Designator=R19 Old Description= New Description=80-05-14
Change Component Description : Designator=R23 Old Description= New Description=80-05-14
Change Component Description : Designator=R24 Old Description= New Description=80-05-14
Change Component Description : Designator=R13 Old Description= New Description=80-10-98
Change Component Description : Designator=R28 Old Description= New Description=80-10-98
Change Component Description : Designator=R43 Old Description= New Description=80-10-98
Change Component Description : Designator=R56 Old Description= New Description=80-10-98
Change Component Description : Designator=R57 Old Description= New Description=80-10-98
Change Component Description : Designator=R61 Old Description= New Description=80-10-98
Change Component Description : Designator=R62 Old Description= New Description=80-10-98
Change Component Description : Designator=R42 Old Description= New Description=80-11-08
Change Component Description : Designator=R60 Old Description= New Description=80-11-09
Change Component Description : Designator=R33 Old Description= New Description=80-14-91
Change Component Description : Designator=R40 Old Description= New Description=80-14-91
Change Component Description : Designator=R10 Old Description= New Description=80-15-29
Change Component Description : Designator=R34 Old Description= New Description=80-15-81
Change Component Description : Designator=R35 Old Description= New Description=80-15-81
Change Component Description : Designator=R36 Old Description= New Description=80-15-81
Change Component Description : Designator=R37 Old Description= New Description=80-15-81
Change Component Description : Designator=R53 Old Description= New Description=81-10-02
Change Component Description : Designator=R64 Old Description= New Description=81-10-75
Change Component Description : Designator=R65 Old Description= New Description=81-10-75
Change Component Description : Designator=R67 Old Description= New Description=81-10-75
Change Component Description : Designator=R44 Old Description= New Description=81-10-77
Change Component Description : Designator=R39 Old Description= New Description=81-10-83 
Change Component Description : Designator=R55 Old Description= New Description=81-10-83 
Change Component Description : Designator=R25 Old Description= New Description=81-10-93
Change Component Description : Designator=R47 Old Description= New Description=81-10-93
Change Component Description : Designator=R48 Old Description= New Description=81-10-93
Change Component Description : Designator=R49 Old Description= New Description=81-10-93
Change Component Description : Designator=R50 Old Description= New Description=81-10-93
Change Component Description : Designator=R51 Old Description= New Description=81-10-93
Change Component Description : Designator=R52 Old Description= New Description=81-10-93
Change Component Description : Designator=R54 Old Description= New Description=81-10-93
Change Component Description : Designator=R63 Old Description= New Description=81-10-93
Change Component Description : Designator=R66 Old Description= New Description=81-10-93
Change Component Description : Designator=R9 Old Description= New Description=81-10-97
Change Component Description : Designator=R41 Old Description= New Description=81-11-03
Change Component Description : Designator=R12 Old Description= New Description=81-11-11
Change Component Description : Designator=R14 Old Description= New Description=81-11-11
Change Component Description : Designator=R15 Old Description= New Description=81-11-11
Change Component Description : Designator=R16 Old Description= New Description=81-11-11
Change Component Description : Designator=R17 Old Description= New Description=81-11-11
Change Component Description : Designator=R21 Old Description= New Description=81-11-11
Change Component Description : Designator=R22 Old Description= New Description=81-11-11
Change Component Description : Designator=R26 Old Description= New Description=81-11-11
Change Component Description : Designator=R27 Old Description= New Description=81-11-11
Change Component Description : Designator=R29 Old Description= New Description=81-11-11
Change Component Description : Designator=R30 Old Description= New Description=81-11-11
Change Component Description : Designator=R31 Old Description= New Description=81-11-11
Change Component Description : Designator=R32 Old Description= New Description=81-11-11
Change Component Description : Designator=R45 Old Description= New Description=81-11-22
Change Component Description : Designator=R46 Old Description= New Description=81-11-22
Change Component Description : Designator=R2 Old Description= New Description=81-11-96
Change Component Description : Designator=R3 Old Description= New Description=81-11-96
Change Component Description : Designator=R4 Old Description= New Description=81-11-96
Change Component Description : Designator=R5 Old Description= New Description=81-11-96
Change Component Description : Designator=R6 Old Description= New Description=81-11-96
Change Component Description : Designator=R7 Old Description= New Description=81-11-96
Change Component Description : Designator=R8 Old Description= New Description=81-16-68
Change Component Description : Designator=C12 Old Description= New Description=82-00-75
Change Component Description : Designator=C38 Old Description= New Description=82-00-75
Change Component Description : Designator=C45 Old Description= New Description=82-00-75
Change Component Description : Designator=C10 Old Description= New Description=82-00-77
Change Component Description : Designator=C20 Old Description= New Description=82-00-77
Change Component Description : Designator=C21 Old Description= New Description=82-00-77
Change Component Description : Designator=C24 Old Description= New Description=82-00-77
Change Component Description : Designator=C36 Old Description= New Description=82-00-94
Change Component Description : Designator=C37 Old Description= New Description=82-00-94
Change Component Description : Designator=C7 Old Description= New Description=82-03-85
Change Component Description : Designator=C8 Old Description= New Description=82-03-85
Change Component Description : Designator=C17 Old Description= New Description=82-03-85
Change Component Description : Designator=C27 Old Description= New Description=82-03-85
Change Component Description : Designator=C28 Old Description= New Description=82-03-85
Change Component Description : Designator=C13 Old Description= New Description=82-05-66
Change Component Description : Designator=C15 Old Description= New Description=82-05-66
Change Component Description : Designator=C18 Old Description= New Description=82-05-66
Change Component Description : Designator=C22 Old Description= New Description=82-07-24 
Change Component Description : Designator=C23 Old Description= New Description=82-07-24 
Change Component Description : Designator=C11 Old Description= New Description=82-07-32 
Change Component Description : Designator=C14 Old Description= New Description=82-07-32 
Change Component Description : Designator=C19 Old Description= New Description=82-07-32 
Change Component Description : Designator=C25 Old Description= New Description=82-07-32 
Change Component Description : Designator=C26 Old Description= New Description=82-07-32 
Change Component Description : Designator=C29 Old Description= New Description=82-07-32 
Change Component Description : Designator=C30 Old Description= New Description=82-07-32 
Change Component Description : Designator=C31 Old Description= New Description=82-07-32 
Change Component Description : Designator=C32 Old Description= New Description=82-07-32 
Change Component Description : Designator=C33 Old Description= New Description=82-07-32 
Change Component Description : Designator=C34 Old Description= New Description=82-07-32 
Change Component Description : Designator=C35 Old Description= New Description=82-07-32 
Change Component Description : Designator=C39 Old Description= New Description=82-07-32 
Change Component Description : Designator=C40 Old Description= New Description=82-07-32 
Change Component Description : Designator=C43 Old Description= New Description=82-07-32 
Change Component Description : Designator=C44 Old Description= New Description=82-07-32 
Change Component Description : Designator=C16 Old Description= New Description=82-10-67
Change Component Description : Designator=D7 Old Description= New Description=83-02-47
Change Component Description : Designator=D2 Old Description= New Description=83-02-64
Change Component Description : Designator=D3 Old Description= New Description=83-02-64
Change Component Description : Designator=D4 Old Description= New Description=83-02-64
Change Component Description : Designator=D5 Old Description= New Description=83-02-64
Change Component Description : Designator=Q8 Old Description= New Description=86-00-97
Change Component Description : Designator=Q9 Old Description= New Description=86-00-97
Change Component Description : Designator=P1 Old Description= New Description=90-00-58
Change Component Description : Designator=U2 Old Description= New Description=1273473
Change Component Description : Designator=U3 Old Description= New Description=1273473
Change Component Description : Designator=U4 Old Description= New Description=1273473
Change Component Description : Designator=U8 Old Description= New Description=1467779
Change Component Description : Designator=U10 Old Description= New Description=1754261
Change Component Description : Designator=L4 Old Description= New Description=1782814
Change Component Description : Designator=Q1 Old Description= New Description=1840422
Change Component Description : Designator=Q2 Old Description= New Description=1840422
Change Component Description : Designator=Q3 Old Description= New Description=1840422
Change Component Description : Designator=Q5 Old Description= New Description=1840422
Change Component Description : Designator=Q6 Old Description= New Description=1840422
Change Component Description : Designator=Q7 Old Description= New Description=1840422
Change Component Description : Designator=U5 Old Description= New Description=1840879
Change Component Description : Designator=U6 Old Description= New Description=1840879
Change Component Description : Designator=U9 Old Description= New Description=1840879
Change Component Description : Designator=U12 Old Description= New Description=1840879
Change Component Description : Designator=U13 Old Description= New Description=1840879
Change Component Description : Designator=U1 Old Description= New Description=1858083
Change Component Description : Designator=D6 Old Description= New Description=2099237
Change Component Description : Designator=R58 Old Description= New Description=2356700
Change Component Description : Designator=U7 Old Description= New Description=2432504
Change Component Description : Designator=C1 Old Description= New Description=2495497
Change Component Description : Designator=C2 Old Description= New Description=2495497
Change Component Description : Designator=C4 Old Description= New Description=2495497
Change Component Description : Designator=C41 Old Description= New Description=2495497
Change Component Description : Designator=C3 Old Description= New Description=2610901
Change Component Description : Designator=C42 Old Description= New Description=2610925
Change Component Description : Designator=R11 Old Description= New Description=9479937
Change Component Description : Designator=J2 Old Description=RM5.08 CLL5.08/2 New Description=43-07-92
Change Component Description : Designator=J3 Old Description=RM5.08 CLL5.08/2 New Description=43-07-92
Change Component Description : Designator=J4 Old Description=RM5.08 CLL5.08/2 New Description=43-07-92
Change Component Description : Designator=J7 Old Description=RM5.08 CLL5.08/2 New Description=43-07-92
